<?xml version="1.0" encoding="UTF-8"?>
<coverage generated="1574049094970" clover="3.2.0">
  <project timestamp="1574049094970" name="All files">
    <metrics statements="57" coveredstatements="56" conditionals="15" coveredconditionals="13" methods="23" coveredmethods="23" elements="95" coveredelements="92" complexity="0" loc="57" ncloc="57" packages="1" files="2" classes="2"/>
    <file name="index.js" path="/Users/alejandrosoto/projects/react-store-builder/src/index.js">
      <metrics statements="39" coveredstatements="38" conditionals="12" coveredconditionals="10" methods="14" coveredmethods="14"/>
      <line num="4" count="2" type="stmt"/>
      <line num="5" count="12" type="cond" truecount="1" falsecount="1"/>
      <line num="6" count="12" type="stmt"/>
      <line num="8" count="12" type="stmt"/>
      <line num="14" count="7" type="stmt"/>
      <line num="15" count="7" type="stmt"/>
      <line num="16" count="7" type="stmt"/>
      <line num="17" count="11" type="stmt"/>
      <line num="18" count="7" type="stmt"/>
      <line num="19" count="7" type="stmt"/>
      <line num="23" count="2" type="stmt"/>
      <line num="24" count="2" type="stmt"/>
      <line num="28" count="1" type="stmt"/>
      <line num="29" count="1" type="stmt"/>
      <line num="33" count="2" type="stmt"/>
      <line num="34" count="2" type="stmt"/>
      <line num="38" count="7" type="stmt"/>
      <line num="39" count="12" type="cond" truecount="2" falsecount="0"/>
      <line num="40" count="12" type="stmt"/>
      <line num="41" count="12" type="stmt"/>
      <line num="50" count="12" type="cond" truecount="2" falsecount="0"/>
      <line num="54" count="12" type="stmt"/>
      <line num="55" count="2" type="stmt"/>
      <line num="56" count="2" type="stmt"/>
      <line num="58" count="12" type="stmt"/>
      <line num="66" count="2" type="stmt"/>
      <line num="67" count="2" type="cond" truecount="2" falsecount="0"/>
      <line num="68" count="1" type="stmt"/>
      <line num="70" count="1" type="stmt"/>
      <line num="73" count="2" type="stmt"/>
      <line num="74" count="2" type="cond" truecount="2" falsecount="0"/>
      <line num="75" count="1" type="stmt"/>
      <line num="77" count="1" type="stmt"/>
      <line num="80" count="2" type="stmt"/>
      <line num="81" count="1" type="cond" truecount="1" falsecount="1"/>
      <line num="82" count="0" type="stmt"/>
      <line num="84" count="1" type="stmt"/>
      <line num="87" count="2" type="stmt"/>
      <line num="89" count="2" type="stmt"/>
    </file>
    <file name="testUtils.js" path="/Users/alejandrosoto/projects/react-store-builder/src/testUtils.js">
      <metrics statements="18" coveredstatements="18" conditionals="3" coveredconditionals="3" methods="9" coveredmethods="9"/>
      <line num="10" count="2" type="stmt"/>
      <line num="14" count="6" type="stmt"/>
      <line num="15" count="11" type="stmt"/>
      <line num="16" count="11" type="stmt"/>
      <line num="17" count="11" type="stmt"/>
      <line num="19" count="6" type="stmt"/>
      <line num="20" count="6" type="stmt"/>
      <line num="27" count="2" type="cond" truecount="1" falsecount="0"/>
      <line num="28" count="13" type="stmt"/>
      <line num="29" count="13" type="stmt"/>
      <line num="30" count="10" type="cond" truecount="2" falsecount="0"/>
      <line num="40" count="10" type="stmt"/>
      <line num="42" count="13" type="stmt"/>
      <line num="43" count="4" type="stmt"/>
      <line num="44" count="2" type="stmt"/>
      <line num="45" count="2" type="stmt"/>
      <line num="46" count="2" type="stmt"/>
      <line num="47" count="3" type="stmt"/>
    </file>
  </project>
</coverage>
