{"/Users/alejandrosoto/projects/react-store-builder/src/index.js": {"path":"/Users/alejandrosoto/projects/react-store-builder/src/index.js","statementMap":{"0":{"start":{"line":4,"column":18},"end":{"line":9,"column":1}},"1":{"start":{"line":5,"column":2},"end":{"line":7,"column":3}},"2":{"start":{"line":6,"column":4},"end":{"line":6,"column":26}},"3":{"start":{"line":8,"column":2},"end":{"line":8,"column":15}},"4":{"start":{"line":14,"column":4},"end":{"line":14,"column":23}},"5":{"start":{"line":15,"column":4},"end":{"line":15,"column":27}},"6":{"start":{"line":16,"column":4},"end":{"line":16,"column":30}},"7":{"start":{"line":16,"column":26},"end":{"line":16,"column":28}},"8":{"start":{"line":17,"column":4},"end":{"line":17,"column":30}},"9":{"start":{"line":17,"column":26},"end":{"line":17,"column":28}},"10":{"start":{"line":18,"column":4},"end":{"line":18,"column":31}},"11":{"start":{"line":19,"column":4},"end":{"line":19,"column":25}},"12":{"start":{"line":23,"column":4},"end":{"line":23,"column":27}},"13":{"start":{"line":24,"column":4},"end":{"line":24,"column":16}},"14":{"start":{"line":28,"column":4},"end":{"line":28,"column":27}},"15":{"start":{"line":29,"column":4},"end":{"line":29,"column":16}},"16":{"start":{"line":33,"column":4},"end":{"line":33,"column":33}},"17":{"start":{"line":34,"column":4},"end":{"line":34,"column":16}},"18":{"start":{"line":38,"column":4},"end":{"line":62,"column":6}},"19":{"start":{"line":39,"column":32},"end":{"line":39,"column":84}},"20":{"start":{"line":40,"column":22},"end":{"line":40,"column":41}},"21":{"start":{"line":41,"column":20},"end":{"line":48,"column":7}},"22":{"start":{"line":50,"column":30},"end":{"line":52,"column":15}},"23":{"start":{"line":54,"column":25},"end":{"line":56,"column":59}},"24":{"start":{"line":55,"column":22},"end":{"line":55,"column":38}},"25":{"start":{"line":56,"column":33},"end":{"line":56,"column":53}},"26":{"start":{"line":58,"column":6},"end":{"line":61,"column":9}},"27":{"start":{"line":66,"column":26},"end":{"line":71,"column":1}},"28":{"start":{"line":67,"column":2},"end":{"line":69,"column":3}},"29":{"start":{"line":68,"column":4},"end":{"line":68,"column":36}},"30":{"start":{"line":70,"column":2},"end":{"line":70,"column":23}},"31":{"start":{"line":73,"column":24},"end":{"line":78,"column":1}},"32":{"start":{"line":74,"column":2},"end":{"line":76,"column":3}},"33":{"start":{"line":75,"column":4},"end":{"line":75,"column":34}},"34":{"start":{"line":77,"column":2},"end":{"line":77,"column":21}},"35":{"start":{"line":80,"column":26},"end":{"line":85,"column":1}},"36":{"start":{"line":81,"column":2},"end":{"line":83,"column":3}},"37":{"start":{"line":82,"column":4},"end":{"line":82,"column":36}},"38":{"start":{"line":84,"column":2},"end":{"line":84,"column":23}},"39":{"start":{"line":87,"column":25},"end":{"line":87,"column":44}},"40":{"start":{"line":89,"column":32},"end":{"line":89,"column":58}}},"fnMap":{"0":{"name":"(anonymous_0)","decl":{"start":{"line":4,"column":18},"end":{"line":4,"column":19}},"loc":{"start":{"line":4,"column":29},"end":{"line":9,"column":1}},"line":4},"1":{"name":"(anonymous_1)","decl":{"start":{"line":13,"column":2},"end":{"line":13,"column":3}},"loc":{"start":{"line":13,"column":41},"end":{"line":20,"column":3}},"line":13},"2":{"name":"(anonymous_2)","decl":{"start":{"line":16,"column":19},"end":{"line":16,"column":20}},"loc":{"start":{"line":16,"column":26},"end":{"line":16,"column":28}},"line":16},"3":{"name":"(anonymous_3)","decl":{"start":{"line":17,"column":19},"end":{"line":17,"column":20}},"loc":{"start":{"line":17,"column":26},"end":{"line":17,"column":28}},"line":17},"4":{"name":"(anonymous_4)","decl":{"start":{"line":22,"column":2},"end":{"line":22,"column":3}},"loc":{"start":{"line":22,"column":23},"end":{"line":25,"column":3}},"line":22},"5":{"name":"(anonymous_5)","decl":{"start":{"line":27,"column":2},"end":{"line":27,"column":3}},"loc":{"start":{"line":27,"column":23},"end":{"line":30,"column":3}},"line":27},"6":{"name":"(anonymous_6)","decl":{"start":{"line":32,"column":2},"end":{"line":32,"column":3}},"loc":{"start":{"line":32,"column":24},"end":{"line":35,"column":3}},"line":32},"7":{"name":"(anonymous_7)","decl":{"start":{"line":37,"column":2},"end":{"line":37,"column":3}},"loc":{"start":{"line":37,"column":10},"end":{"line":63,"column":3}},"line":37},"8":{"name":"(anonymous_8)","decl":{"start":{"line":38,"column":11},"end":{"line":38,"column":12}},"loc":{"start":{"line":38,"column":42},"end":{"line":62,"column":5}},"line":38},"9":{"name":"(anonymous_9)","decl":{"start":{"line":55,"column":13},"end":{"line":55,"column":14}},"loc":{"start":{"line":55,"column":22},"end":{"line":55,"column":38}},"line":55},"10":{"name":"(anonymous_10)","decl":{"start":{"line":56,"column":16},"end":{"line":56,"column":17}},"loc":{"start":{"line":56,"column":33},"end":{"line":56,"column":53}},"line":56},"11":{"name":"(anonymous_11)","decl":{"start":{"line":66,"column":26},"end":{"line":66,"column":27}},"loc":{"start":{"line":66,"column":48},"end":{"line":71,"column":1}},"line":66},"12":{"name":"(anonymous_12)","decl":{"start":{"line":73,"column":24},"end":{"line":73,"column":25}},"loc":{"start":{"line":73,"column":46},"end":{"line":78,"column":1}},"line":73},"13":{"name":"(anonymous_13)","decl":{"start":{"line":80,"column":26},"end":{"line":80,"column":27}},"loc":{"start":{"line":80,"column":48},"end":{"line":85,"column":1}},"line":80}},"branchMap":{"0":{"loc":{"start":{"line":5,"column":2},"end":{"line":7,"column":3}},"type":"if","locations":[{"start":{"line":5,"column":2},"end":{"line":7,"column":3}},{"start":{"line":5,"column":2},"end":{"line":7,"column":3}}],"line":5},"1":{"loc":{"start":{"line":39,"column":57},"end":{"line":39,"column":83}},"type":"binary-expr","locations":[{"start":{"line":39,"column":57},"end":{"line":39,"column":69}},{"start":{"line":39,"column":73},"end":{"line":39,"column":83}}],"line":39},"2":{"loc":{"start":{"line":50,"column":30},"end":{"line":52,"column":15}},"type":"cond-expr","locations":[{"start":{"line":50,"column":47},"end":{"line":52,"column":7}},{"start":{"line":52,"column":10},"end":{"line":52,"column":15}}],"line":50},"3":{"loc":{"start":{"line":67,"column":2},"end":{"line":69,"column":3}},"type":"if","locations":[{"start":{"line":67,"column":2},"end":{"line":69,"column":3}},{"start":{"line":67,"column":2},"end":{"line":69,"column":3}}],"line":67},"4":{"loc":{"start":{"line":74,"column":2},"end":{"line":76,"column":3}},"type":"if","locations":[{"start":{"line":74,"column":2},"end":{"line":76,"column":3}},{"start":{"line":74,"column":2},"end":{"line":76,"column":3}}],"line":74},"5":{"loc":{"start":{"line":81,"column":2},"end":{"line":83,"column":3}},"type":"if","locations":[{"start":{"line":81,"column":2},"end":{"line":83,"column":3}},{"start":{"line":81,"column":2},"end":{"line":83,"column":3}}],"line":81}},"s":{"0":2,"1":12,"2":12,"3":12,"4":7,"5":7,"6":7,"7":6,"8":7,"9":11,"10":7,"11":7,"12":2,"13":2,"14":1,"15":1,"16":2,"17":2,"18":7,"19":12,"20":12,"21":12,"22":12,"23":12,"24":2,"25":2,"26":12,"27":2,"28":2,"29":1,"30":1,"31":2,"32":2,"33":1,"34":1,"35":2,"36":1,"37":0,"38":1,"39":2,"40":2},"f":{"0":12,"1":7,"2":6,"3":11,"4":2,"5":1,"6":2,"7":7,"8":12,"9":2,"10":2,"11":2,"12":2,"13":1},"b":{"0":[12,0],"1":[12,12],"2":[5,7],"3":[1,1],"4":[1,1],"5":[0,1]},"_coverageSchema":"43e27e138ebf9cfc5966b082cf9a028302ed4184","hash":"a75bb11fa7055b7c2865f129f07b4f906797bde7"}
,"/Users/alejandrosoto/projects/react-store-builder/src/testUtils.js": {"path":"/Users/alejandrosoto/projects/react-store-builder/src/testUtils.js","statementMap":{"0":{"start":{"line":10,"column":25},"end":{"line":21,"column":1}},"1":{"start":{"line":14,"column":24},"end":{"line":18,"column":3}},"2":{"start":{"line":15,"column":4},"end":{"line":15,"column":31}},"3":{"start":{"line":16,"column":4},"end":{"line":16,"column":28}},"4":{"start":{"line":17,"column":4},"end":{"line":17,"column":27}},"5":{"start":{"line":19,"column":15},"end":{"line":19,"column":44}},"6":{"start":{"line":20,"column":2},"end":{"line":20,"column":43}},"7":{"start":{"line":27,"column":32},"end":{"line":49,"column":3}},"8":{"start":{"line":28,"column":16},"end":{"line":28,"column":22}},"9":{"start":{"line":29,"column":20},"end":{"line":41,"column":5}},"10":{"start":{"line":30,"column":6},"end":{"line":39,"column":8}},"11":{"start":{"line":40,"column":6},"end":{"line":40,"column":37}},"12":{"start":{"line":42,"column":4},"end":{"line":48,"column":6}},"13":{"start":{"line":43,"column":40},"end":{"line":43,"column":75}},"14":{"start":{"line":44,"column":44},"end":{"line":44,"column":83}},"15":{"start":{"line":45,"column":44},"end":{"line":45,"column":83}},"16":{"start":{"line":46,"column":46},"end":{"line":46,"column":87}},"17":{"start":{"line":47,"column":19},"end":{"line":47,"column":24}}},"fnMap":{"0":{"name":"(anonymous_0)","decl":{"start":{"line":10,"column":25},"end":{"line":10,"column":26}},"loc":{"start":{"line":10,"column":65},"end":{"line":21,"column":1}},"line":10},"1":{"name":"(anonymous_1)","decl":{"start":{"line":14,"column":24},"end":{"line":14,"column":25}},"loc":{"start":{"line":14,"column":30},"end":{"line":18,"column":3}},"line":14},"2":{"name":"(anonymous_2)","decl":{"start":{"line":27,"column":32},"end":{"line":27,"column":33}},"loc":{"start":{"line":27,"column":49},"end":{"line":49,"column":3}},"line":27},"3":{"name":"(anonymous_3)","decl":{"start":{"line":29,"column":20},"end":{"line":29,"column":21}},"loc":{"start":{"line":29,"column":49},"end":{"line":41,"column":5}},"line":29},"4":{"name":"(anonymous_4)","decl":{"start":{"line":43,"column":17},"end":{"line":43,"column":18}},"loc":{"start":{"line":43,"column":40},"end":{"line":43,"column":75}},"line":43},"5":{"name":"(anonymous_5)","decl":{"start":{"line":44,"column":19},"end":{"line":44,"column":20}},"loc":{"start":{"line":44,"column":44},"end":{"line":44,"column":83}},"line":44},"6":{"name":"(anonymous_6)","decl":{"start":{"line":45,"column":19},"end":{"line":45,"column":20}},"loc":{"start":{"line":45,"column":44},"end":{"line":45,"column":83}},"line":45},"7":{"name":"(anonymous_7)","decl":{"start":{"line":46,"column":20},"end":{"line":46,"column":21}},"loc":{"start":{"line":46,"column":46},"end":{"line":46,"column":87}},"line":46},"8":{"name":"(anonymous_8)","decl":{"start":{"line":47,"column":13},"end":{"line":47,"column":14}},"loc":{"start":{"line":47,"column":19},"end":{"line":47,"column":24}},"line":47}},"branchMap":{"0":{"loc":{"start":{"line":27,"column":33},"end":{"line":27,"column":44}},"type":"default-arg","locations":[{"start":{"line":27,"column":42},"end":{"line":27,"column":44}}],"line":27},"1":{"loc":{"start":{"line":30,"column":14},"end":{"line":39,"column":7}},"type":"cond-expr","locations":[{"start":{"line":30,"column":27},"end":{"line":36,"column":7}},{"start":{"line":36,"column":10},"end":{"line":39,"column":7}}],"line":30}},"s":{"0":2,"1":6,"2":11,"3":11,"4":11,"5":6,"6":6,"7":2,"8":13,"9":13,"10":10,"11":10,"12":13,"13":4,"14":2,"15":2,"16":2,"17":3},"f":{"0":6,"1":11,"2":13,"3":10,"4":4,"5":2,"6":2,"7":2,"8":3},"b":{"0":[3],"1":[9,1]},"_coverageSchema":"43e27e138ebf9cfc5966b082cf9a028302ed4184","hash":"3e7cbc30a9bbcd2900343e65118d1a8603b409dc"}
}
