TN:
SF:/Users/alejandrosoto/projects/react-store-builder/src/index.js
FN:4,(anonymous_0)
FN:13,(anonymous_1)
FN:16,(anonymous_2)
FN:17,(anonymous_3)
FN:22,(anonymous_4)
FN:27,(anonymous_5)
FN:32,(anonymous_6)
FN:37,(anonymous_7)
FN:38,(anonymous_8)
FN:55,(anonymous_9)
FN:56,(anonymous_10)
FN:66,(anonymous_11)
FN:73,(anonymous_12)
FN:80,(anonymous_13)
FNF:14
FNH:14
FNDA:12,(anonymous_0)
FNDA:7,(anonymous_1)
FNDA:6,(anonymous_2)
FNDA:11,(anonymous_3)
FNDA:2,(anonymous_4)
FNDA:1,(anonymous_5)
FNDA:2,(anonymous_6)
FNDA:7,(anonymous_7)
FNDA:12,(anonymous_8)
FNDA:2,(anonymous_9)
FNDA:2,(anonymous_10)
FNDA:2,(anonymous_11)
FNDA:2,(anonymous_12)
FNDA:1,(anonymous_13)
DA:4,2
DA:5,12
DA:6,12
DA:8,12
DA:14,7
DA:15,7
DA:16,7
DA:17,11
DA:18,7
DA:19,7
DA:23,2
DA:24,2
DA:28,1
DA:29,1
DA:33,2
DA:34,2
DA:38,7
DA:39,12
DA:40,12
DA:41,12
DA:50,12
DA:54,12
DA:55,2
DA:56,2
DA:58,12
DA:66,2
DA:67,2
DA:68,1
DA:70,1
DA:73,2
DA:74,2
DA:75,1
DA:77,1
DA:80,2
DA:81,1
DA:82,0
DA:84,1
DA:87,2
DA:89,2
LF:39
LH:38
BRDA:5,0,0,12
BRDA:5,0,1,0
BRDA:39,1,0,12
BRDA:39,1,1,12
BRDA:50,2,0,5
BRDA:50,2,1,7
BRDA:67,3,0,1
BRDA:67,3,1,1
BRDA:74,4,0,1
BRDA:74,4,1,1
BRDA:81,5,0,0
BRDA:81,5,1,1
BRF:12
BRH:10
end_of_record
TN:
SF:/Users/alejandrosoto/projects/react-store-builder/src/testUtils.js
FN:10,(anonymous_0)
FN:14,(anonymous_1)
FN:27,(anonymous_2)
FN:29,(anonymous_3)
FN:43,(anonymous_4)
FN:44,(anonymous_5)
FN:45,(anonymous_6)
FN:46,(anonymous_7)
FN:47,(anonymous_8)
FNF:9
FNH:9
FNDA:6,(anonymous_0)
FNDA:11,(anonymous_1)
FNDA:13,(anonymous_2)
FNDA:10,(anonymous_3)
FNDA:4,(anonymous_4)
FNDA:2,(anonymous_5)
FNDA:2,(anonymous_6)
FNDA:2,(anonymous_7)
FNDA:3,(anonymous_8)
DA:10,2
DA:14,6
DA:15,11
DA:16,11
DA:17,11
DA:19,6
DA:20,6
DA:27,2
DA:28,13
DA:29,13
DA:30,10
DA:40,10
DA:42,13
DA:43,4
DA:44,2
DA:45,2
DA:46,2
DA:47,3
LF:18
LH:18
BRDA:27,0,0,3
BRDA:30,1,0,9
BRDA:30,1,1,1
BRF:3
BRH:3
end_of_record
